<?xml version="1.0" encoding="UTF-8"?>
<!-- Generated by org.testng.reporters.JUnitReportReporter -->
<testsuite hostname="JEEVA" failures="0" tests="1" name="vtigercrm.CreateOrganizationWithoutShippingAdd" time="17.155" errors="0" timestamp="2021-08-28T09:18:13 IST" skipped="0">
  <testcase classname="vtigercrm.CreateOrganizationWithoutShippingAdd" name="CreateOrganizationWithoutShippingAddTest" time="17.155"/>
  <system-out/>
</testsuite> <!-- vtigercrm.CreateOrganizationWithoutShippingAdd -->
