<?xml version="1.0" encoding="UTF-8"?>
<!-- Generated by org.testng.reporters.JUnitReportReporter -->
<testsuite hostname="JEEVA" failures="0" tests="1" name="com.comcast.assertion.CreateOrganizationWithoutShippingAdd" time="15.750" errors="0" timestamp="2021-08-25T23:02:53 IST" skipped="0">
  <testcase classname="com.comcast.assertion.CreateOrganizationWithoutShippingAdd" name="CreateOrganizationWithoutShippingAdd" time="15.750"/>
  <system-out/>
</testsuite> <!-- com.comcast.assertion.CreateOrganizationWithoutShippingAdd -->
