<?xml version="1.0" encoding="UTF-8"?>
<!-- Generated by org.testng.reporters.JUnitReportReporter -->
<testsuite hostname="JEEVA" failures="0" tests="1" name="vtigercrm.CreateOrganizationWithBillingAddressTest" time="32.498" errors="0" timestamp="2021-08-31T14:29:04 IST" skipped="0">
  <testcase classname="vtigercrm.CreateOrganizationWithBillingAddressTest" name="CreateOrganizationWithBillingAddressTest" time="32.498"/>
  <system-out/>
</testsuite> <!-- vtigercrm.CreateOrganizationWithBillingAddressTest -->
