<?xml version="1.0" encoding="UTF-8"?>
<!-- Generated by org.testng.reporters.JUnitReportReporter -->
<testsuite hostname="JEEVA" failures="0" tests="1" name="vtigercrm.CreateOrganization" time="14.786" errors="0" timestamp="2021-08-27T22:40:21 IST" skipped="0">
  <testcase classname="vtigercrm.CreateOrganization" name="CreateOrganizationWithoutShippingAddTest" time="14.786"/>
  <system-out/>
</testsuite> <!-- vtigercrm.CreateOrganization -->
