<?xml version="1.0" encoding="UTF-8"?>
<!-- Generated by org.testng.reporters.JUnitReportReporter -->
<testsuite hostname="JEEVA" failures="0" tests="1" name="com.vtiger.testng.CreateOrganization" time="33.589" errors="0" timestamp="2021-08-23T17:24:05 IST" skipped="0">
  <testcase classname="com.vtiger.testng.CreateOrganization" name="CreateOrganizationWithShippingAddress" time="33.589"/>
  <system-out/>
</testsuite> <!-- com.vtiger.testng.CreateOrganization -->
