<?xml version="1.0" encoding="UTF-8"?>
<!-- Generated by org.testng.reporters.JUnitReportReporter -->
<testsuite hostname="JEEVA" failures="0" tests="1" name="vtigercrm.CreateOrganizationWithShippingAddress" time="30.005" errors="0" timestamp="2021-08-29T13:07:44 IST" skipped="0">
  <testcase classname="vtigercrm.CreateOrganizationWithShippingAddress" name="CreateOrganizationWithShippingAddressTest" time="30.005"/>
  <system-out/>
</testsuite> <!-- vtigercrm.CreateOrganizationWithShippingAddress -->
