<?xml version="1.0" encoding="UTF-8"?>
<!-- Generated by org.testng.reporters.JUnitReportReporter -->
<testsuite hostname="JEEVA" failures="0" tests="1" name="com.comcast.assertion.CreateOrganizationWithBillingAddress" time="15.755" errors="0" timestamp="2021-08-26T10:26:13 IST" skipped="0">
  <testcase classname="com.comcast.assertion.CreateOrganizationWithBillingAddress" name="CreateOrganizationWithBillingAddressTest" time="15.755"/>
  <system-out/>
</testsuite> <!-- com.comcast.assertion.CreateOrganizationWithBillingAddress -->
