<?xml version="1.0" encoding="UTF-8"?>
<!-- Generated by org.testng.reporters.JUnitReportReporter -->
<testsuite hostname="JEEVA" failures="0" tests="1" name="vtigerpractice.demo" time="0.012" errors="0" timestamp="2021-08-22T23:02:14 IST" skipped="0">
  <testcase classname="vtigerpractice.demo" name="printstatement" time="0.012"/>
  <system-out/>
</testsuite> <!-- vtigerpractice.demo -->
