<?xml version="1.0" encoding="UTF-8"?>
<!-- Generated by org.testng.reporters.JUnitReportReporter -->
<testsuite hostname="JEEVA" failures="0" tests="1" name="vtigercrm.CreateOrganizationWithBillingAddress" time="18.853" errors="0" timestamp="2021-08-27T17:02:21 IST" skipped="0">
  <testcase classname="vtigercrm.CreateOrganizationWithBillingAddress" name="CreateOrganizationWithBillingAddressTest" time="18.853"/>
  <system-out/>
</testsuite> <!-- vtigercrm.CreateOrganizationWithBillingAddress -->
