<?xml version="1.0" encoding="UTF-8"?>
<!-- Generated by org.testng.reporters.JUnitReportReporter -->
<testsuite hostname="JEEVA" failures="0" tests="1" name="vtigercrm.CreateOrganization" time="31.078" errors="0" timestamp="2021-08-29T17:51:28 IST" skipped="0">
  <testcase classname="vtigercrm.CreateOrganization" name="CreateOrganizationWithoutShippingAddTest" time="31.078"/>
  <system-out/>
</testsuite> <!-- vtigercrm.CreateOrganization -->
