<?xml version="1.0" encoding="UTF-8"?>
<!-- Generated by org.testng.reporters.JUnitReportReporter -->
<testsuite hostname="JEEVA" failures="0" tests="1" name="practice.tester1" time="10.976" errors="0" timestamp="2021-08-25T13:15:19 IST" skipped="0">
  <testcase classname="practice.tester1" name="getTitle" time="10.976"/>
  <system-out/>
</testsuite> <!-- practice.tester1 -->
